Weapon: 'adar 2-15 5.56x45 carbine' - Mod Category: 'pistol_grip' - Mod Name: 'ar-15 hk battle grip beavertail pistol grip (ral 8000)'
Weapon: 'adar 2-15 5.56x45 carbine' - Mod Category: 'pistol_grip' - Mod Name: 'hogue overmolded rubber grip (black)'
Weapon: 'adar 2-15 5.56x45 carbine' - Mod Category: 'pistol_grip' - Mod Name: 'hogue overmolded rubber grip (fde)'
Weapon: 'adar 2-15 5.56x45 carbine' - Mod Category: 'pistol_grip' - Mod Name: 'hogue overmolded rubber grip (ghillie earth)'
Weapon: 'adar 2-15 5.56x45 carbine' - Mod Category: 'pistol_grip' - Mod Name: 'hogue overmolded rubber grip (ghillie green)'
Weapon: 'adar 2-15 5.56x45 carbine' - Mod Category: 'pistol_grip' - Mod Name: 'hogue overmolded rubber grip (olive drab)'
Weapon: 'adar 2-15 5.56x45 carbine' - Mod Category: 'pistol_grip' - Mod Name: 'ar-15 magpul moe pistol grip (black)'
Weapon: 'adar 2-15 5.56x45 carbine' - Mod Category: 'pistol_grip' - Mod Name: 'ar-15 magpul moe pistol grip (fde)'
Weapon: 'adar 2-15 5.56x45 carbine' - Mod Category: 'pistol_grip' - Mod Name: 'ar-15 stark ar rifle grip (black)'
Weapon: 'adar 2-15 5.56x45 carbine' - Mod Category: 'pistol_grip' - Mod Name: 'ar-15 stark ar rifle grip (fde)'
Weapon: 'adar 2-15 5.56x45 carbine' - Mod Category: 'stock' - Mod Name: 'magpul ubr gen2 stock (black)'
Weapon: 'adar 2-15 5.56x45 carbine' - Mod Category: 'stock' - Mod Name: 'magpul ubr gen2 stock (fde)'
Weapon: 'adar 2-15 5.56x45 carbine' - Mod Category: 'stock' - Mod Name: 'strike industries advanced receiver extension buffer tube (anodized red)'
Weapon: 'adar 2-15 5.56x45 carbine' - Mod Category: 'stock' - Mod Name: 'troy m7a1 pdw stock (black)'
Weapon: 'adar 2-15 5.56x45 carbine' - Mod Category: 'stock' - Mod Name: 'troy m7a1 pdw stock (fde)'
Weapon: 'adar 2-15 5.56x45 carbine' - Mod Category: 'magazine' - Mod Name: 'fn scar-l 5.56x45 30-round magazine (fde)'
Weapon: 'adar 2-15 5.56x45 carbine' - Mod Category: 'magazine' - Mod Name: '5.56x45 magpul pmag 30 gen m3 stanag 30-round magazine (fde)'
Weapon: 'adar 2-15 5.56x45 carbine' - Mod Category: 'magazine' - Mod Name: '5.56x45 magpul pmag 40 gen m3 stanag 40-round magazine (fde)'
Weapon: 'adar 2-15 5.56x45 carbine' - Mod Category: 'magazine' - Mod Name: '5.56x45 magpul pmag 30 gen m3 w stanag 30-round magazine (fde)'
Weapon: 'adar 2-15 5.56x45 carbine' - Mod Category: 'charge_handle' - Mod Name: 'ar-15 radian weapons raptor charging handle (grey)'
Weapon: 'kalashnikov ak-101 5.56x45 assault rifle' - Mod Category: 'gas_block' - Mod Name: 'ak vezhlivyy strelok vs-24 + vs-33c handguard & gas tube combo (white)'
Weapon: 'kalashnikov ak-101 5.56x45 assault rifle' - Mod Category: 'pistol_grip' - Mod Name: 'ak kgb mg-47 pistol grip (anodized red)'
Weapon: 'kalashnikov ak-101 5.56x45 assault rifle' - Mod Category: 'pistol_grip' - Mod Name: 'ak strike industries enhanced pistol grip (black)'
Weapon: 'kalashnikov ak-101 5.56x45 assault rifle' - Mod Category: 'pistol_grip' - Mod Name: 'ak strike industries enhanced pistol grip (fde)'
Weapon: 'kalashnikov ak-101 5.56x45 assault rifle' - Mod Category: 'pistol_grip' - Mod Name: 'ak tapco saw-style pistol grip (black)'
Weapon: 'kalashnikov ak-101 5.56x45 assault rifle' - Mod Category: 'pistol_grip' - Mod Name: 'ak tapco saw-style pistol grip (fde)'
Weapon: 'kalashnikov ak-102 5.56x45 assault rifle' - Mod Category: 'pistol_grip' - Mod Name: 'ak kgb mg-47 pistol grip (anodized red)'
Weapon: 'kalashnikov ak-102 5.56x45 assault rifle' - Mod Category: 'pistol_grip' - Mod Name: 'ak strike industries enhanced pistol grip (black)'
Weapon: 'kalashnikov ak-102 5.56x45 assault rifle' - Mod Category: 'pistol_grip' - Mod Name: 'ak strike industries enhanced pistol grip (fde)'
Weapon: 'kalashnikov ak-102 5.56x45 assault rifle' - Mod Category: 'pistol_grip' - Mod Name: 'ak tapco saw-style pistol grip (black)'
Weapon: 'kalashnikov ak-102 5.56x45 assault rifle' - Mod Category: 'pistol_grip' - Mod Name: 'ak tapco saw-style pistol grip (fde)'
Weapon: 'kalashnikov ak-103 7.62x39 assault rifle' - Mod Category: 'gas_block' - Mod Name: 'ak vezhlivyy strelok vs-24 + vs-33c handguard & gas tube combo (white)'
Weapon: 'kalashnikov ak-103 7.62x39 assault rifle' - Mod Category: 'pistol_grip' - Mod Name: 'ak kgb mg-47 pistol grip (anodized red)'
Weapon: 'kalashnikov ak-103 7.62x39 assault rifle' - Mod Category: 'pistol_grip' - Mod Name: 'ak strike industries enhanced pistol grip (black)'
Weapon: 'kalashnikov ak-103 7.62x39 assault rifle' - Mod Category: 'pistol_grip' - Mod Name: 'ak strike industries enhanced pistol grip (fde)'
Weapon: 'kalashnikov ak-103 7.62x39 assault rifle' - Mod Category: 'pistol_grip' - Mod Name: 'ak tapco saw-style pistol grip (black)'
Weapon: 'kalashnikov ak-103 7.62x39 assault rifle' - Mod Category: 'pistol_grip' - Mod Name: 'ak tapco saw-style pistol grip (fde)'
Weapon: 'kalashnikov ak-103 7.62x39 assault rifle' - Mod Category: 'magazine' - Mod Name: 'ak 7.62x39 magpul pmag 30 gen m3 30-round magazine (banana)'
Weapon: 'kalashnikov ak-103 7.62x39 assault rifle' - Mod Category: 'magazine' - Mod Name: 'ak 7.62x39 us palm "ak30" 30-round magazine (black)'
Weapon: 'kalashnikov ak-103 7.62x39 assault rifle' - Mod Category: 'magazine' - Mod Name: 'ak 7.62x39 us palm "ak30" 30-round magazine (fde)'
Weapon: 'kalashnikov ak-74n 5.45x39 assault rifle' - Mod Category: 'gas_block' - Mod Name: 'ak vezhlivyy strelok vs-24 + vs-33c handguard & gas tube combo (white)'
Weapon: 'kalashnikov ak-74n 5.45x39 assault rifle' - Mod Category: 'pistol_grip' - Mod Name: 'ak kgb mg-47 pistol grip (anodized red)'
Weapon: 'kalashnikov ak-74n 5.45x39 assault rifle' - Mod Category: 'pistol_grip' - Mod Name: 'ak strike industries enhanced pistol grip (black)'
Weapon: 'kalashnikov ak-74n 5.45x39 assault rifle' - Mod Category: 'pistol_grip' - Mod Name: 'ak strike industries enhanced pistol grip (fde)'
Weapon: 'kalashnikov ak-74n 5.45x39 assault rifle' - Mod Category: 'pistol_grip' - Mod Name: 'ak tapco saw-style pistol grip (black)'
Weapon: 'kalashnikov ak-74n 5.45x39 assault rifle' - Mod Category: 'pistol_grip' - Mod Name: 'ak tapco saw-style pistol grip (fde)'
Weapon: 'kalashnikov ak-74n 5.45x39 assault rifle' - Mod Category: 'stock' - Mod Name: 'ak-74 "plum" polymer stock (6p20 sb.7)'
Weapon: 'kalashnikov ak-74n 5.45x39 assault rifle' - Mod Category: 'magazine' - Mod Name: 'ak-74 5.45x39 6l23 "plum" 30-round magazine'
Weapon: 'kalashnikov ak-104 7.62x39 assault rifle' - Mod Category: 'pistol_grip' - Mod Name: 'ak kgb mg-47 pistol grip (anodized red)'
Weapon: 'kalashnikov ak-104 7.62x39 assault rifle' - Mod Category: 'pistol_grip' - Mod Name: 'ak strike industries enhanced pistol grip (black)'
Weapon: 'kalashnikov ak-104 7.62x39 assault rifle' - Mod Category: 'pistol_grip' - Mod Name: 'ak strike industries enhanced pistol grip (fde)'
Weapon: 'kalashnikov ak-104 7.62x39 assault rifle' - Mod Category: 'pistol_grip' - Mod Name: 'ak tapco saw-style pistol grip (black)'
Weapon: 'kalashnikov ak-104 7.62x39 assault rifle' - Mod Category: 'pistol_grip' - Mod Name: 'ak tapco saw-style pistol grip (fde)'
Weapon: 'kalashnikov ak-104 7.62x39 assault rifle' - Mod Category: 'magazine' - Mod Name: 'ak 7.62x39 magpul pmag 30 gen m3 30-round magazine (banana)'
Weapon: 'kalashnikov ak-104 7.62x39 assault rifle' - Mod Category: 'magazine' - Mod Name: 'ak 7.62x39 us palm "ak30" 30-round magazine (black)'
Weapon: 'kalashnikov ak-104 7.62x39 assault rifle' - Mod Category: 'magazine' - Mod Name: 'ak 7.62x39 us palm "ak30" 30-round magazine (fde)'
Weapon: 'kalashnikov ak-105 5.45x39 assault rifle' - Mod Category: 'pistol_grip' - Mod Name: 'ak kgb mg-47 pistol grip (anodized red)'
Weapon: 'kalashnikov ak-105 5.45x39 assault rifle' - Mod Category: 'pistol_grip' - Mod Name: 'ak strike industries enhanced pistol grip (black)'
Weapon: 'kalashnikov ak-105 5.45x39 assault rifle' - Mod Category: 'pistol_grip' - Mod Name: 'ak strike industries enhanced pistol grip (fde)'
Weapon: 'kalashnikov ak-105 5.45x39 assault rifle' - Mod Category: 'pistol_grip' - Mod Name: 'ak tapco saw-style pistol grip (black)'
Weapon: 'kalashnikov ak-105 5.45x39 assault rifle' - Mod Category: 'pistol_grip' - Mod Name: 'ak tapco saw-style pistol grip (fde)'
Weapon: 'kalashnikov ak-105 5.45x39 assault rifle' - Mod Category: 'magazine' - Mod Name: 'ak-74 5.45x39 6l23 "plum" 30-round magazine'
Weapon: 'kalashnikov ak-74 5.45x39 assault rifle' - Mod Category: 'gas_block' - Mod Name: 'ak vezhlivyy strelok vs-24 + vs-33c handguard & gas tube combo (white)'
Weapon: 'kalashnikov ak-74 5.45x39 assault rifle' - Mod Category: 'pistol_grip' - Mod Name: 'ak kgb mg-47 pistol grip (anodized red)'
Weapon: 'kalashnikov ak-74 5.45x39 assault rifle' - Mod Category: 'pistol_grip' - Mod Name: 'ak strike industries enhanced pistol grip (black)'
Weapon: 'kalashnikov ak-74 5.45x39 assault rifle' - Mod Category: 'pistol_grip' - Mod Name: 'ak strike industries enhanced pistol grip (fde)'
Weapon: 'kalashnikov ak-74 5.45x39 assault rifle' - Mod Category: 'pistol_grip' - Mod Name: 'ak tapco saw-style pistol grip (black)'
Weapon: 'kalashnikov ak-74 5.45x39 assault rifle' - Mod Category: 'pistol_grip' - Mod Name: 'ak tapco saw-style pistol grip (fde)'
Weapon: 'kalashnikov ak-74 5.45x39 assault rifle' - Mod Category: 'stock' - Mod Name: 'ak-74 "plum" polymer stock (6p20 sb.7)'
Weapon: 'kalashnikov ak-74 5.45x39 assault rifle' - Mod Category: 'magazine' - Mod Name: 'ak-74 5.45x39 6l23 "plum" 30-round magazine'
Weapon: 'kalashnikov ak-74m 5.45x39 assault rifle' - Mod Category: 'gas_block' - Mod Name: 'ak vezhlivyy strelok vs-24 + vs-33c handguard & gas tube combo (white)'
Weapon: 'kalashnikov ak-74m 5.45x39 assault rifle' - Mod Category: 'pistol_grip' - Mod Name: 'ak kgb mg-47 pistol grip (anodized red)'
Weapon: 'kalashnikov ak-74m 5.45x39 assault rifle' - Mod Category: 'pistol_grip' - Mod Name: 'ak strike industries enhanced pistol grip (black)'
Weapon: 'kalashnikov ak-74m 5.45x39 assault rifle' - Mod Category: 'pistol_grip' - Mod Name: 'ak strike industries enhanced pistol grip (fde)'
Weapon: 'kalashnikov ak-74m 5.45x39 assault rifle' - Mod Category: 'pistol_grip' - Mod Name: 'ak tapco saw-style pistol grip (black)'
Weapon: 'kalashnikov ak-74m 5.45x39 assault rifle' - Mod Category: 'pistol_grip' - Mod Name: 'ak tapco saw-style pistol grip (fde)'
Weapon: 'kalashnikov ak-74m 5.45x39 assault rifle' - Mod Category: 'magazine' - Mod Name: 'ak-74 5.45x39 6l23 "plum" 30-round magazine'
Weapon: 'kalashnikov akm 7.62x39 assault rifle' - Mod Category: 'gas_block' - Mod Name: 'ak vezhlivyy strelok vs-24 + vs-33c handguard & gas tube combo (white)'
Weapon: 'kalashnikov akm 7.62x39 assault rifle' - Mod Category: 'pistol_grip' - Mod Name: 'ak kgb mg-47 pistol grip (anodized red)'
Weapon: 'kalashnikov akm 7.62x39 assault rifle' - Mod Category: 'pistol_grip' - Mod Name: 'ak strike industries enhanced pistol grip (black)'
Weapon: 'kalashnikov akm 7.62x39 assault rifle' - Mod Category: 'pistol_grip' - Mod Name: 'ak strike industries enhanced pistol grip (fde)'
Weapon: 'kalashnikov akm 7.62x39 assault rifle' - Mod Category: 'pistol_grip' - Mod Name: 'ak tapco saw-style pistol grip (black)'
Weapon: 'kalashnikov akm 7.62x39 assault rifle' - Mod Category: 'pistol_grip' - Mod Name: 'ak tapco saw-style pistol grip (fde)'
Weapon: 'kalashnikov akm 7.62x39 assault rifle' - Mod Category: 'stock' - Mod Name: 'ak-74 "plum" polymer stock (6p20 sb.7)'
Weapon: 'kalashnikov akm 7.62x39 assault rifle' - Mod Category: 'magazine' - Mod Name: 'ak 7.62x39 magpul pmag 30 gen m3 30-round magazine (banana)'
Weapon: 'kalashnikov akm 7.62x39 assault rifle' - Mod Category: 'magazine' - Mod Name: 'ak 7.62x39 us palm "ak30" 30-round magazine (black)'
Weapon: 'kalashnikov akm 7.62x39 assault rifle' - Mod Category: 'magazine' - Mod Name: 'ak 7.62x39 us palm "ak30" 30-round magazine (fde)'
Weapon: 'kalashnikov akmn 7.62x39 assault rifle' - Mod Category: 'gas_block' - Mod Name: 'ak vezhlivyy strelok vs-24 + vs-33c handguard & gas tube combo (white)'
Weapon: 'kalashnikov akmn 7.62x39 assault rifle' - Mod Category: 'pistol_grip' - Mod Name: 'ak kgb mg-47 pistol grip (anodized red)'
Weapon: 'kalashnikov akmn 7.62x39 assault rifle' - Mod Category: 'pistol_grip' - Mod Name: 'ak strike industries enhanced pistol grip (black)'
Weapon: 'kalashnikov akmn 7.62x39 assault rifle' - Mod Category: 'pistol_grip' - Mod Name: 'ak strike industries enhanced pistol grip (fde)'
Weapon: 'kalashnikov akmn 7.62x39 assault rifle' - Mod Category: 'pistol_grip' - Mod Name: 'ak tapco saw-style pistol grip (black)'
Weapon: 'kalashnikov akmn 7.62x39 assault rifle' - Mod Category: 'pistol_grip' - Mod Name: 'ak tapco saw-style pistol grip (fde)'
Weapon: 'kalashnikov akmn 7.62x39 assault rifle' - Mod Category: 'stock' - Mod Name: 'ak-74 "plum" polymer stock (6p20 sb.7)'
Weapon: 'kalashnikov akmn 7.62x39 assault rifle' - Mod Category: 'magazine' - Mod Name: 'ak 7.62x39 magpul pmag 30 gen m3 30-round magazine (banana)'
Weapon: 'kalashnikov akmn 7.62x39 assault rifle' - Mod Category: 'magazine' - Mod Name: 'ak 7.62x39 us palm "ak30" 30-round magazine (black)'
Weapon: 'kalashnikov akmn 7.62x39 assault rifle' - Mod Category: 'magazine' - Mod Name: 'ak 7.62x39 us palm "ak30" 30-round magazine (fde)'
Weapon: 'kalashnikov akms 7.62x39 assault rifle' - Mod Category: 'gas_block' - Mod Name: 'ak vezhlivyy strelok vs-24 + vs-33c handguard & gas tube combo (white)'
Weapon: 'kalashnikov akms 7.62x39 assault rifle' - Mod Category: 'pistol_grip' - Mod Name: 'ak kgb mg-47 pistol grip (anodized red)'
Weapon: 'kalashnikov akms 7.62x39 assault rifle' - Mod Category: 'pistol_grip' - Mod Name: 'ak strike industries enhanced pistol grip (black)'
Weapon: 'kalashnikov akms 7.62x39 assault rifle' - Mod Category: 'pistol_grip' - Mod Name: 'ak strike industries enhanced pistol grip (fde)'
Weapon: 'kalashnikov akms 7.62x39 assault rifle' - Mod Category: 'pistol_grip' - Mod Name: 'ak tapco saw-style pistol grip (black)'
Weapon: 'kalashnikov akms 7.62x39 assault rifle' - Mod Category: 'pistol_grip' - Mod Name: 'ak tapco saw-style pistol grip (fde)'
Weapon: 'kalashnikov akms 7.62x39 assault rifle' - Mod Category: 'magazine' - Mod Name: 'ak 7.62x39 magpul pmag 30 gen m3 30-round magazine (banana)'
Weapon: 'kalashnikov akms 7.62x39 assault rifle' - Mod Category: 'magazine' - Mod Name: 'ak 7.62x39 us palm "ak30" 30-round magazine (black)'
Weapon: 'kalashnikov akms 7.62x39 assault rifle' - Mod Category: 'magazine' - Mod Name: 'ak 7.62x39 us palm "ak30" 30-round magazine (fde)'
Weapon: 'kalashnikov akmsn 7.62x39 assault rifle' - Mod Category: 'gas_block' - Mod Name: 'ak vezhlivyy strelok vs-24 + vs-33c handguard & gas tube combo (white)'
Weapon: 'kalashnikov akmsn 7.62x39 assault rifle' - Mod Category: 'pistol_grip' - Mod Name: 'ak strike industries enhanced pistol grip (black)'
Weapon: 'kalashnikov akmsn 7.62x39 assault rifle' - Mod Category: 'pistol_grip' - Mod Name: 'ak strike industries enhanced pistol grip (fde)'
Weapon: 'kalashnikov akmsn 7.62x39 assault rifle' - Mod Category: 'pistol_grip' - Mod Name: 'ak tapco saw-style pistol grip (black)'
Weapon: 'kalashnikov akmsn 7.62x39 assault rifle' - Mod Category: 'pistol_grip' - Mod Name: 'ak tapco saw-style pistol grip (fde)'
Weapon: 'kalashnikov akmsn 7.62x39 assault rifle' - Mod Category: 'magazine' - Mod Name: 'ak 7.62x39 magpul pmag 30 gen m3 30-round magazine (banana)'
Weapon: 'kalashnikov akmsn 7.62x39 assault rifle' - Mod Category: 'magazine' - Mod Name: 'ak 7.62x39 us palm "ak30" 30-round magazine (black)'
Weapon: 'kalashnikov akmsn 7.62x39 assault rifle' - Mod Category: 'magazine' - Mod Name: 'ak 7.62x39 us palm "ak30" 30-round magazine (fde)'
Weapon: 'kalashnikov aks-74 5.45x39 assault rifle' - Mod Category: 'gas_block' - Mod Name: 'ak vezhlivyy strelok vs-24 + vs-33c handguard & gas tube combo (white)'
Weapon: 'kalashnikov aks-74 5.45x39 assault rifle' - Mod Category: 'pistol_grip' - Mod Name: 'ak kgb mg-47 pistol grip (anodized red)'
Weapon: 'kalashnikov aks-74 5.45x39 assault rifle' - Mod Category: 'pistol_grip' - Mod Name: 'ak strike industries enhanced pistol grip (black)'
Weapon: 'kalashnikov aks-74 5.45x39 assault rifle' - Mod Category: 'pistol_grip' - Mod Name: 'ak strike industries enhanced pistol grip (fde)'
Weapon: 'kalashnikov aks-74 5.45x39 assault rifle' - Mod Category: 'pistol_grip' - Mod Name: 'ak tapco saw-style pistol grip (black)'
Weapon: 'kalashnikov aks-74 5.45x39 assault rifle' - Mod Category: 'pistol_grip' - Mod Name: 'ak tapco saw-style pistol grip (fde)'
Weapon: 'kalashnikov aks-74 5.45x39 assault rifle' - Mod Category: 'magazine' - Mod Name: 'ak-74 5.45x39 6l23 "plum" 30-round magazine'
Weapon: 'kalashnikov aks-74n 5.45x39 assault rifle' - Mod Category: 'gas_block' - Mod Name: 'ak vezhlivyy strelok vs-24 + vs-33c handguard & gas tube combo (white)'
Weapon: 'kalashnikov aks-74n 5.45x39 assault rifle' - Mod Category: 'pistol_grip' - Mod Name: 'ak kgb mg-47 pistol grip (anodized red)'
Weapon: 'kalashnikov aks-74n 5.45x39 assault rifle' - Mod Category: 'pistol_grip' - Mod Name: 'ak strike industries enhanced pistol grip (black)'
Weapon: 'kalashnikov aks-74n 5.45x39 assault rifle' - Mod Category: 'pistol_grip' - Mod Name: 'ak strike industries enhanced pistol grip (fde)'
Weapon: 'kalashnikov aks-74n 5.45x39 assault rifle' - Mod Category: 'pistol_grip' - Mod Name: 'ak tapco saw-style pistol grip (black)'
Weapon: 'kalashnikov aks-74n 5.45x39 assault rifle' - Mod Category: 'pistol_grip' - Mod Name: 'ak tapco saw-style pistol grip (fde)'
Weapon: 'kalashnikov aks-74n 5.45x39 assault rifle' - Mod Category: 'magazine' - Mod Name: 'ak-74 5.45x39 6l23 "plum" 30-round magazine'
Weapon: 'kalashnikov aks-74u 5.45x39 assault rifle' - Mod Category: 'pistol_grip' - Mod Name: 'ak kgb mg-47 pistol grip (anodized red)'
Weapon: 'kalashnikov aks-74u 5.45x39 assault rifle' - Mod Category: 'pistol_grip' - Mod Name: 'ak strike industries enhanced pistol grip (black)'
Weapon: 'kalashnikov aks-74u 5.45x39 assault rifle' - Mod Category: 'pistol_grip' - Mod Name: 'ak strike industries enhanced pistol grip (fde)'
Weapon: 'kalashnikov aks-74u 5.45x39 assault rifle' - Mod Category: 'pistol_grip' - Mod Name: 'ak tapco saw-style pistol grip (black)'
Weapon: 'kalashnikov aks-74u 5.45x39 assault rifle' - Mod Category: 'pistol_grip' - Mod Name: 'ak tapco saw-style pistol grip (fde)'
Weapon: 'kalashnikov aks-74u 5.45x39 assault rifle' - Mod Category: 'magazine' - Mod Name: 'ak-74 5.45x39 6l23 "plum" 30-round magazine'
Weapon: 'kalashnikov aks-74ub 5.45x39 assault rifle' - Mod Category: 'pistol_grip' - Mod Name: 'ak kgb mg-47 pistol grip (anodized red)'
Weapon: 'kalashnikov aks-74ub 5.45x39 assault rifle' - Mod Category: 'pistol_grip' - Mod Name: 'ak strike industries enhanced pistol grip (black)'
Weapon: 'kalashnikov aks-74ub 5.45x39 assault rifle' - Mod Category: 'pistol_grip' - Mod Name: 'ak strike industries enhanced pistol grip (fde)'
Weapon: 'kalashnikov aks-74ub 5.45x39 assault rifle' - Mod Category: 'pistol_grip' - Mod Name: 'ak tapco saw-style pistol grip (black)'
Weapon: 'kalashnikov aks-74ub 5.45x39 assault rifle' - Mod Category: 'pistol_grip' - Mod Name: 'ak tapco saw-style pistol grip (fde)'
Weapon: 'kalashnikov aks-74ub 5.45x39 assault rifle' - Mod Category: 'magazine' - Mod Name: 'ak-74 5.45x39 6l23 "plum" 30-round magazine'
Weapon: 'kalashnikov aks-74un 5.45x39 assault rifle' - Mod Category: 'pistol_grip' - Mod Name: 'ak kgb mg-47 pistol grip (anodized red)'
Weapon: 'kalashnikov aks-74un 5.45x39 assault rifle' - Mod Category: 'pistol_grip' - Mod Name: 'ak strike industries enhanced pistol grip (black)'
Weapon: 'kalashnikov aks-74un 5.45x39 assault rifle' - Mod Category: 'pistol_grip' - Mod Name: 'ak strike industries enhanced pistol grip (fde)'
Weapon: 'kalashnikov aks-74un 5.45x39 assault rifle' - Mod Category: 'pistol_grip' - Mod Name: 'ak tapco saw-style pistol grip (black)'
Weapon: 'kalashnikov aks-74un 5.45x39 assault rifle' - Mod Category: 'pistol_grip' - Mod Name: 'ak tapco saw-style pistol grip (fde)'
Weapon: 'kalashnikov aks-74un 5.45x39 assault rifle' - Mod Category: 'magazine' - Mod Name: 'ak-74 5.45x39 6l23 "plum" 30-round magazine'
Weapon: 'ash-12 12.7x55 assault rifle' - Mod Category: 'rear_sight' - Mod Name: 'magpul mbus gen2 flip-up rear sight (fde)'
Weapon: 'ash-12 12.7x55 assault rifle' - Mod Category: 'front_sight' - Mod Name: 'magpul mbus gen2 flip-up front sight (fde)'
Weapon: 'ash-12 12.7x55 assault rifle' - Mod Category: 'foregrip' - Mod Name: 'magpul afg tactical foregrip (black)'
Weapon: 'ash-12 12.7x55 assault rifle' - Mod Category: 'foregrip' - Mod Name: 'magpul afg tactical foregrip (fde)'
Weapon: 'ash-12 12.7x55 assault rifle' - Mod Category: 'foregrip' - Mod Name: 'magpul afg tactical foregrip (forest green)'
Weapon: 'ash-12 12.7x55 assault rifle' - Mod Category: 'foregrip' - Mod Name: 'magpul afg tactical foregrip (olive drab)'
Weapon: 'ash-12 12.7x55 assault rifle' - Mod Category: 'foregrip' - Mod Name: 'magpul rvg foregrip (black)'
Weapon: 'ash-12 12.7x55 assault rifle' - Mod Category: 'foregrip' - Mod Name: 'tangodown stubby bgv-mk46k foregrip (black)'
Weapon: 'ash-12 12.7x55 assault rifle' - Mod Category: 'foregrip' - Mod Name: 'tangodown stubby bgv-mk46k foregrip (fde)'
Weapon: 'ash-12 12.7x55 assault rifle' - Mod Category: 'foregrip' - Mod Name: 'tangodown stubby bgv-mk46k foregrip (stealth gray)'
Weapon: 'ash-12 12.7x55 assault rifle' - Mod Category: 'scope' - Mod Name: 'elcan specterdr 1x/4x scope (fde)'
Weapon: 'ash-12 12.7x55 assault rifle' - Mod Category: 'scope' - Mod Name: 'eotech hhs-1 hybrid sight (tan)'
Weapon: 'desert tech mdr 5.56x45 assault rifle' - Mod Category: 'pistol_grip' - Mod Name: 'mdr pistol grip (fde)'
Weapon: 'desert tech mdr 5.56x45 assault rifle' - Mod Category: 'pistol_grip' - Mod Name: 'mdr pistol grip (black)'
Weapon: 'desert tech mdr 5.56x45 assault rifle' - Mod Category: 'rear_sight' - Mod Name: 'magpul mbus gen2 flip-up rear sight (fde)'
Weapon: 'desert tech mdr 5.56x45 assault rifle' - Mod Category: 'handguard' - Mod Name: 'mdr handguard (fde)'
Weapon: 'desert tech mdr 5.56x45 assault rifle' - Mod Category: 'handguard' - Mod Name: 'mdr handguard (black)'
Weapon: 'desert tech mdr 5.56x45 assault rifle' - Mod Category: 'magazine' - Mod Name: 'fn scar-l 5.56x45 30-round magazine (fde)'
Weapon: 'desert tech mdr 5.56x45 assault rifle' - Mod Category: 'magazine' - Mod Name: '5.56x45 magpul pmag 30 gen m3 stanag 30-round magazine (fde)'
Weapon: 'desert tech mdr 5.56x45 assault rifle' - Mod Category: 'magazine' - Mod Name: '5.56x45 magpul pmag 40 gen m3 stanag 40-round magazine (fde)'
Weapon: 'desert tech mdr 5.56x45 assault rifle' - Mod Category: 'magazine' - Mod Name: '5.56x45 magpul pmag 30 gen m3 w stanag 30-round magazine (fde)'
Weapon: 'desert tech mdr 5.56x45 assault rifle' - Mod Category: 'scope' - Mod Name: 'elcan specterdr 1x/4x scope (fde)'
Weapon: 'desert tech mdr 5.56x45 assault rifle' - Mod Category: 'scope' - Mod Name: 'eotech hhs-1 hybrid sight (tan)'
Weapon: 'desert tech mdr 5.56x45 assault rifle' - Mod Category: 'scope' - Mod Name: 'geissele super precision 30mm ring scope mount (ddc)'
Weapon: 'desert tech mdr 7.62x51 assault rifle' - Mod Category: 'pistol_grip' - Mod Name: 'mdr pistol grip (fde)'
Weapon: 'desert tech mdr 7.62x51 assault rifle' - Mod Category: 'pistol_grip' - Mod Name: 'mdr pistol grip (black)'
Weapon: 'desert tech mdr 7.62x51 assault rifle' - Mod Category: 'rear_sight' - Mod Name: 'magpul mbus gen2 flip-up rear sight (fde)'
Weapon: 'desert tech mdr 7.62x51 assault rifle' - Mod Category: 'handguard' - Mod Name: 'mdr handguard (fde)'
Weapon: 'desert tech mdr 7.62x51 assault rifle' - Mod Category: 'handguard' - Mod Name: 'mdr handguard (black)'
Weapon: 'desert tech mdr 7.62x51 assault rifle' - Mod Category: 'scope' - Mod Name: 'elcan specterdr 1x/4x scope (fde)'
Weapon: 'desert tech mdr 7.62x51 assault rifle' - Mod Category: 'scope' - Mod Name: 'eotech hhs-1 hybrid sight (tan)'
Weapon: 'hk 416a5 5.56x45 assault rifle' - Mod Category: 'pistol_grip' - Mod Name: 'ar-15 hk battle grip beavertail pistol grip (ral 8000)'
Weapon: 'hk 416a5 5.56x45 assault rifle' - Mod Category: 'pistol_grip' - Mod Name: 'hogue overmolded rubber grip (black)'
Weapon: 'hk 416a5 5.56x45 assault rifle' - Mod Category: 'pistol_grip' - Mod Name: 'hogue overmolded rubber grip (fde)'
Weapon: 'hk 416a5 5.56x45 assault rifle' - Mod Category: 'pistol_grip' - Mod Name: 'hogue overmolded rubber grip (ghillie earth)'
Weapon: 'hk 416a5 5.56x45 assault rifle' - Mod Category: 'pistol_grip' - Mod Name: 'hogue overmolded rubber grip (ghillie green)'
Weapon: 'hk 416a5 5.56x45 assault rifle' - Mod Category: 'pistol_grip' - Mod Name: 'hogue overmolded rubber grip (olive drab)'
Weapon: 'hk 416a5 5.56x45 assault rifle' - Mod Category: 'pistol_grip' - Mod Name: 'ar-15 magpul moe pistol grip (black)'
Weapon: 'hk 416a5 5.56x45 assault rifle' - Mod Category: 'pistol_grip' - Mod Name: 'ar-15 magpul moe pistol grip (fde)'
Weapon: 'hk 416a5 5.56x45 assault rifle' - Mod Category: 'pistol_grip' - Mod Name: 'ar-15 stark ar rifle grip (black)'
Weapon: 'hk 416a5 5.56x45 assault rifle' - Mod Category: 'pistol_grip' - Mod Name: 'ar-15 stark ar rifle grip (fde)'
Weapon: 'hk 416a5 5.56x45 assault rifle' - Mod Category: 'stock' - Mod Name: 'magpul ubr gen2 stock (black)'
Weapon: 'hk 416a5 5.56x45 assault rifle' - Mod Category: 'stock' - Mod Name: 'magpul ubr gen2 stock (fde)'
Weapon: 'hk 416a5 5.56x45 assault rifle' - Mod Category: 'stock' - Mod Name: 'troy m7a1 pdw stock (black)'
Weapon: 'hk 416a5 5.56x45 assault rifle' - Mod Category: 'stock' - Mod Name: 'troy m7a1 pdw stock (fde)'
Weapon: 'hk 416a5 5.56x45 assault rifle' - Mod Category: 'magazine' - Mod Name: 'fn scar-l 5.56x45 30-round magazine (fde)'
Weapon: 'hk 416a5 5.56x45 assault rifle' - Mod Category: 'magazine' - Mod Name: '5.56x45 magpul pmag 30 gen m3 stanag 30-round magazine (fde)'
Weapon: 'hk 416a5 5.56x45 assault rifle' - Mod Category: 'magazine' - Mod Name: '5.56x45 magpul pmag 40 gen m3 stanag 40-round magazine (fde)'
Weapon: 'hk 416a5 5.56x45 assault rifle' - Mod Category: 'magazine' - Mod Name: '5.56x45 magpul pmag 30 gen m3 w stanag 30-round magazine (fde)'
Weapon: 'hk 416a5 5.56x45 assault rifle' - Mod Category: 'charge_handle' - Mod Name: 'ar-15 radian weapons raptor charging handle (grey)'
Weapon: 'hk g36 5.56x45 assault rifle' - Mod Category: 'magazine' - Mod Name: '5.56x45 magpul pmag 30 gen m3 stanag 30-round magazine (fde)'
Weapon: 'hk g36 5.56x45 assault rifle' - Mod Category: 'magazine' - Mod Name: '5.56x45 magpul pmag 40 gen m3 stanag 40-round magazine (fde)'
Weapon: 'hk g36 5.56x45 assault rifle' - Mod Category: 'magazine' - Mod Name: '5.56x45 magpul pmag 30 gen m3 w stanag 30-round magazine (fde)'
Weapon: 'colt m4a1 5.56x45 assault rifle' - Mod Category: 'pistol_grip' - Mod Name: 'ar-15 hk battle grip beavertail pistol grip (ral 8000)'
Weapon: 'colt m4a1 5.56x45 assault rifle' - Mod Category: 'pistol_grip' - Mod Name: 'hogue overmolded rubber grip (black)'
Weapon: 'colt m4a1 5.56x45 assault rifle' - Mod Category: 'pistol_grip' - Mod Name: 'hogue overmolded rubber grip (fde)'
Weapon: 'colt m4a1 5.56x45 assault rifle' - Mod Category: 'pistol_grip' - Mod Name: 'hogue overmolded rubber grip (ghillie earth)'
Weapon: 'colt m4a1 5.56x45 assault rifle' - Mod Category: 'pistol_grip' - Mod Name: 'hogue overmolded rubber grip (ghillie green)'
Weapon: 'colt m4a1 5.56x45 assault rifle' - Mod Category: 'pistol_grip' - Mod Name: 'hogue overmolded rubber grip (olive drab)'
Weapon: 'colt m4a1 5.56x45 assault rifle' - Mod Category: 'pistol_grip' - Mod Name: 'ar-15 magpul moe pistol grip (black)'
Weapon: 'colt m4a1 5.56x45 assault rifle' - Mod Category: 'pistol_grip' - Mod Name: 'ar-15 magpul moe pistol grip (fde)'
Weapon: 'colt m4a1 5.56x45 assault rifle' - Mod Category: 'pistol_grip' - Mod Name: 'ar-15 stark ar rifle grip (black)'
Weapon: 'colt m4a1 5.56x45 assault rifle' - Mod Category: 'pistol_grip' - Mod Name: 'ar-15 stark ar rifle grip (fde)'
Weapon: 'colt m4a1 5.56x45 assault rifle' - Mod Category: 'stock' - Mod Name: 'magpul ubr gen2 stock (black)'
Weapon: 'colt m4a1 5.56x45 assault rifle' - Mod Category: 'stock' - Mod Name: 'magpul ubr gen2 stock (fde)'
Weapon: 'colt m4a1 5.56x45 assault rifle' - Mod Category: 'stock' - Mod Name: 'strike industries advanced receiver extension buffer tube (anodized red)'
Weapon: 'colt m4a1 5.56x45 assault rifle' - Mod Category: 'stock' - Mod Name: 'troy m7a1 pdw stock (black)'
Weapon: 'colt m4a1 5.56x45 assault rifle' - Mod Category: 'stock' - Mod Name: 'troy m7a1 pdw stock (fde)'
Weapon: 'colt m4a1 5.56x45 assault rifle' - Mod Category: 'magazine' - Mod Name: 'fn scar-l 5.56x45 30-round magazine (fde)'
Weapon: 'colt m4a1 5.56x45 assault rifle' - Mod Category: 'magazine' - Mod Name: '5.56x45 magpul pmag 30 gen m3 stanag 30-round magazine (fde)'
Weapon: 'colt m4a1 5.56x45 assault rifle' - Mod Category: 'magazine' - Mod Name: '5.56x45 magpul pmag 40 gen m3 stanag 40-round magazine (fde)'
Weapon: 'colt m4a1 5.56x45 assault rifle' - Mod Category: 'magazine' - Mod Name: '5.56x45 magpul pmag 30 gen m3 w stanag 30-round magazine (fde)'
Weapon: 'colt m4a1 5.56x45 assault rifle' - Mod Category: 'charge_handle' - Mod Name: 'ar-15 radian weapons raptor charging handle (grey)'
Weapon: 'sig mcx .300 blackout assault rifle' - Mod Category: 'pistol_grip' - Mod Name: 'ar-15 hk battle grip beavertail pistol grip (ral 8000)'
Weapon: 'sig mcx .300 blackout assault rifle' - Mod Category: 'pistol_grip' - Mod Name: 'hogue overmolded rubber grip (black)'
Weapon: 'sig mcx .300 blackout assault rifle' - Mod Category: 'pistol_grip' - Mod Name: 'hogue overmolded rubber grip (fde)'
Weapon: 'sig mcx .300 blackout assault rifle' - Mod Category: 'pistol_grip' - Mod Name: 'hogue overmolded rubber grip (ghillie earth)'
Weapon: 'sig mcx .300 blackout assault rifle' - Mod Category: 'pistol_grip' - Mod Name: 'hogue overmolded rubber grip (ghillie green)'
Weapon: 'sig mcx .300 blackout assault rifle' - Mod Category: 'pistol_grip' - Mod Name: 'hogue overmolded rubber grip (olive drab)'
Weapon: 'sig mcx .300 blackout assault rifle' - Mod Category: 'pistol_grip' - Mod Name: 'ar-15 magpul moe pistol grip (black)'
Weapon: 'sig mcx .300 blackout assault rifle' - Mod Category: 'pistol_grip' - Mod Name: 'ar-15 magpul moe pistol grip (fde)'
Weapon: 'sig mcx .300 blackout assault rifle' - Mod Category: 'pistol_grip' - Mod Name: 'ar-15 stark ar rifle grip (black)'
Weapon: 'sig mcx .300 blackout assault rifle' - Mod Category: 'pistol_grip' - Mod Name: 'ar-15 stark ar rifle grip (fde)'
Weapon: 'sig mcx .300 blackout assault rifle' - Mod Category: 'magazine' - Mod Name: 'fn scar-l 5.56x45 30-round magazine (fde)'
Weapon: 'sig mcx .300 blackout assault rifle' - Mod Category: 'magazine' - Mod Name: '5.56x45 magpul pmag 30 gen m3 stanag 30-round magazine (fde)'
Weapon: 'sig mcx .300 blackout assault rifle' - Mod Category: 'magazine' - Mod Name: '5.56x45 magpul pmag 40 gen m3 stanag 40-round magazine (fde)'
Weapon: 'sig mcx .300 blackout assault rifle' - Mod Category: 'magazine' - Mod Name: '5.56x45 magpul pmag 30 gen m3 w stanag 30-round magazine (fde)'
Weapon: 'cmmg mk47 mutant 7.62x39 assault rifle' - Mod Category: 'pistol_grip' - Mod Name: 'ar-15 hk battle grip beavertail pistol grip (ral 8000)'
Weapon: 'cmmg mk47 mutant 7.62x39 assault rifle' - Mod Category: 'pistol_grip' - Mod Name: 'hogue overmolded rubber grip (black)'
Weapon: 'cmmg mk47 mutant 7.62x39 assault rifle' - Mod Category: 'pistol_grip' - Mod Name: 'hogue overmolded rubber grip (fde)'
Weapon: 'cmmg mk47 mutant 7.62x39 assault rifle' - Mod Category: 'pistol_grip' - Mod Name: 'hogue overmolded rubber grip (ghillie earth)'
Weapon: 'cmmg mk47 mutant 7.62x39 assault rifle' - Mod Category: 'pistol_grip' - Mod Name: 'hogue overmolded rubber grip (ghillie green)'
Weapon: 'cmmg mk47 mutant 7.62x39 assault rifle' - Mod Category: 'pistol_grip' - Mod Name: 'hogue overmolded rubber grip (olive drab)'
Weapon: 'cmmg mk47 mutant 7.62x39 assault rifle' - Mod Category: 'pistol_grip' - Mod Name: 'ar-15 magpul moe pistol grip (black)'
Weapon: 'cmmg mk47 mutant 7.62x39 assault rifle' - Mod Category: 'pistol_grip' - Mod Name: 'ar-15 magpul moe pistol grip (fde)'
Weapon: 'cmmg mk47 mutant 7.62x39 assault rifle' - Mod Category: 'pistol_grip' - Mod Name: 'ar-15 stark ar rifle grip (black)'
Weapon: 'cmmg mk47 mutant 7.62x39 assault rifle' - Mod Category: 'pistol_grip' - Mod Name: 'ar-15 stark ar rifle grip (fde)'
Weapon: 'cmmg mk47 mutant 7.62x39 assault rifle' - Mod Category: 'magazine' - Mod Name: 'ak 7.62x39 magpul pmag 30 gen m3 30-round magazine (banana)'
Weapon: 'cmmg mk47 mutant 7.62x39 assault rifle' - Mod Category: 'magazine' - Mod Name: 'ak 7.62x39 us palm "ak30" 30-round magazine (black)'
Weapon: 'cmmg mk47 mutant 7.62x39 assault rifle' - Mod Category: 'magazine' - Mod Name: 'ak 7.62x39 us palm "ak30" 30-round magazine (fde)'
Weapon: 'cmmg mk47 mutant 7.62x39 assault rifle' - Mod Category: 'stock' - Mod Name: 'magpul ubr gen2 stock (black)'
Weapon: 'cmmg mk47 mutant 7.62x39 assault rifle' - Mod Category: 'stock' - Mod Name: 'magpul ubr gen2 stock (fde)'
Weapon: 'cmmg mk47 mutant 7.62x39 assault rifle' - Mod Category: 'stock' - Mod Name: 'strike industries advanced receiver extension buffer tube (anodized red)'
Weapon: 'cmmg mk47 mutant 7.62x39 assault rifle' - Mod Category: 'stock' - Mod Name: 'troy m7a1 pdw stock (black)'
Weapon: 'cmmg mk47 mutant 7.62x39 assault rifle' - Mod Category: 'stock' - Mod Name: 'troy m7a1 pdw stock (fde)'
Weapon: 'rifle dynamics rd-704 7.62x39 assault rifle' - Mod Category: 'pistol_grip' - Mod Name: 'ak kgb mg-47 pistol grip (anodized red)'
Weapon: 'rifle dynamics rd-704 7.62x39 assault rifle' - Mod Category: 'pistol_grip' - Mod Name: 'ak strike industries enhanced pistol grip (black)'
Weapon: 'rifle dynamics rd-704 7.62x39 assault rifle' - Mod Category: 'pistol_grip' - Mod Name: 'ak strike industries enhanced pistol grip (fde)'
Weapon: 'rifle dynamics rd-704 7.62x39 assault rifle' - Mod Category: 'pistol_grip' - Mod Name: 'ak tapco saw-style pistol grip (black)'
Weapon: 'rifle dynamics rd-704 7.62x39 assault rifle' - Mod Category: 'pistol_grip' - Mod Name: 'ak tapco saw-style pistol grip (fde)'
Weapon: 'rifle dynamics rd-704 7.62x39 assault rifle' - Mod Category: 'stock' - Mod Name: 'ak-74 "plum" polymer stock (6p20 sb.7)'
Weapon: 'rifle dynamics rd-704 7.62x39 assault rifle' - Mod Category: 'magazine' - Mod Name: 'ak 7.62x39 magpul pmag 30 gen m3 30-round magazine (banana)'
Weapon: 'rifle dynamics rd-704 7.62x39 assault rifle' - Mod Category: 'magazine' - Mod Name: 'ak 7.62x39 us palm "ak30" 30-round magazine (black)'
Weapon: 'rifle dynamics rd-704 7.62x39 assault rifle' - Mod Category: 'magazine' - Mod Name: 'ak 7.62x39 us palm "ak30" 30-round magazine (fde)'
Weapon: 'sag ak-545 5.45x39 carbine' - Mod Category: 'pistol_grip' - Mod Name: 'ak kgb mg-47 pistol grip (anodized red)'
Weapon: 'sag ak-545 5.45x39 carbine' - Mod Category: 'pistol_grip' - Mod Name: 'ak strike industries enhanced pistol grip (black)'
Weapon: 'sag ak-545 5.45x39 carbine' - Mod Category: 'pistol_grip' - Mod Name: 'ak strike industries enhanced pistol grip (fde)'
Weapon: 'sag ak-545 5.45x39 carbine' - Mod Category: 'pistol_grip' - Mod Name: 'ak tapco saw-style pistol grip (black)'
Weapon: 'sag ak-545 5.45x39 carbine' - Mod Category: 'pistol_grip' - Mod Name: 'ak tapco saw-style pistol grip (fde)'
Weapon: 'sag ak-545 5.45x39 carbine' - Mod Category: 'magazine' - Mod Name: 'ak-74 5.45x39 6l23 "plum" 30-round magazine'
Weapon: 'sag ak-545 short 5.45x39 carbine' - Mod Category: 'pistol_grip' - Mod Name: 'ak kgb mg-47 pistol grip (anodized red)'
Weapon: 'sag ak-545 short 5.45x39 carbine' - Mod Category: 'pistol_grip' - Mod Name: 'ak strike industries enhanced pistol grip (black)'
Weapon: 'sag ak-545 short 5.45x39 carbine' - Mod Category: 'pistol_grip' - Mod Name: 'ak strike industries enhanced pistol grip (fde)'
Weapon: 'sag ak-545 short 5.45x39 carbine' - Mod Category: 'pistol_grip' - Mod Name: 'ak tapco saw-style pistol grip (black)'
Weapon: 'sag ak-545 short 5.45x39 carbine' - Mod Category: 'pistol_grip' - Mod Name: 'ak tapco saw-style pistol grip (fde)'
Weapon: 'sag ak-545 short 5.45x39 carbine' - Mod Category: 'magazine' - Mod Name: 'ak-74 5.45x39 6l23 "plum" 30-round magazine'
Weapon: 'fn scar-h 7.62x51 assault rifle' - Mod Category: 'pistol_grip' - Mod Name: 'ar-15 hk battle grip beavertail pistol grip (ral 8000)'
Weapon: 'fn scar-h 7.62x51 assault rifle' - Mod Category: 'pistol_grip' - Mod Name: 'hogue overmolded rubber grip (black)'
Weapon: 'fn scar-h 7.62x51 assault rifle' - Mod Category: 'pistol_grip' - Mod Name: 'hogue overmolded rubber grip (fde)'
Weapon: 'fn scar-h 7.62x51 assault rifle' - Mod Category: 'pistol_grip' - Mod Name: 'hogue overmolded rubber grip (ghillie earth)'
Weapon: 'fn scar-h 7.62x51 assault rifle' - Mod Category: 'pistol_grip' - Mod Name: 'hogue overmolded rubber grip (ghillie green)'
Weapon: 'fn scar-h 7.62x51 assault rifle' - Mod Category: 'pistol_grip' - Mod Name: 'hogue overmolded rubber grip (olive drab)'
Weapon: 'fn scar-h 7.62x51 assault rifle' - Mod Category: 'pistol_grip' - Mod Name: 'ar-15 magpul moe pistol grip (black)'
Weapon: 'fn scar-h 7.62x51 assault rifle' - Mod Category: 'pistol_grip' - Mod Name: 'ar-15 magpul moe pistol grip (fde)'
Weapon: 'fn scar-h 7.62x51 assault rifle' - Mod Category: 'pistol_grip' - Mod Name: 'ar-15 stark ar rifle grip (black)'
Weapon: 'fn scar-h 7.62x51 assault rifle' - Mod Category: 'pistol_grip' - Mod Name: 'ar-15 stark ar rifle grip (fde)'
Weapon: 'fn scar-h 7.62x51 assault rifle' - Mod Category: 'receiver' - Mod Name: 'fn scar-h 7.62x51 upper receiver (fde)'
Weapon: 'fn scar-h 7.62x51 assault rifle' - Mod Category: 'stock' - Mod Name: 'fn scar folding polymer stock (fde)'
Weapon: 'fn scar-h 7.62x51 assault rifle' - Mod Category: 'magazine' - Mod Name: 'fn scar-h 7.62x51 20-round magazine (fde)'
Weapon: 'fn scar-l 5.56x45 assault rifle' - Mod Category: 'pistol_grip' - Mod Name: 'ar-15 hk battle grip beavertail pistol grip (ral 8000)'
Weapon: 'fn scar-l 5.56x45 assault rifle' - Mod Category: 'pistol_grip' - Mod Name: 'hogue overmolded rubber grip (black)'
Weapon: 'fn scar-l 5.56x45 assault rifle' - Mod Category: 'pistol_grip' - Mod Name: 'hogue overmolded rubber grip (fde)'
Weapon: 'fn scar-l 5.56x45 assault rifle' - Mod Category: 'pistol_grip' - Mod Name: 'hogue overmolded rubber grip (ghillie earth)'
Weapon: 'fn scar-l 5.56x45 assault rifle' - Mod Category: 'pistol_grip' - Mod Name: 'hogue overmolded rubber grip (ghillie green)'
Weapon: 'fn scar-l 5.56x45 assault rifle' - Mod Category: 'pistol_grip' - Mod Name: 'hogue overmolded rubber grip (olive drab)'
Weapon: 'fn scar-l 5.56x45 assault rifle' - Mod Category: 'pistol_grip' - Mod Name: 'ar-15 magpul moe pistol grip (black)'
Weapon: 'fn scar-l 5.56x45 assault rifle' - Mod Category: 'pistol_grip' - Mod Name: 'ar-15 magpul moe pistol grip (fde)'
Weapon: 'fn scar-l 5.56x45 assault rifle' - Mod Category: 'pistol_grip' - Mod Name: 'ar-15 stark ar rifle grip (black)'
Weapon: 'fn scar-l 5.56x45 assault rifle' - Mod Category: 'pistol_grip' - Mod Name: 'ar-15 stark ar rifle grip (fde)'
Weapon: 'fn scar-l 5.56x45 assault rifle' - Mod Category: 'receiver' - Mod Name: 'fn scar-l 5.56x45 upper receiver (fde)'
Weapon: 'fn scar-l 5.56x45 assault rifle' - Mod Category: 'stock' - Mod Name: 'fn scar folding polymer stock (fde)'
Weapon: 'fn scar-l 5.56x45 assault rifle' - Mod Category: 'magazine' - Mod Name: 'fn scar-l 5.56x45 30-round magazine (fde)'
Weapon: 'fn scar-l 5.56x45 assault rifle' - Mod Category: 'magazine' - Mod Name: '5.56x45 magpul pmag 30 gen m3 stanag 30-round magazine (fde)'
Weapon: 'fn scar-l 5.56x45 assault rifle' - Mod Category: 'magazine' - Mod Name: '5.56x45 magpul pmag 40 gen m3 stanag 40-round magazine (fde)'
Weapon: 'fn scar-l 5.56x45 assault rifle' - Mod Category: 'magazine' - Mod Name: '5.56x45 magpul pmag 30 gen m3 w stanag 30-round magazine (fde)'
Weapon: 'lone star tx-15 dml 5.56x45 carbine' - Mod Category: 'pistol_grip' - Mod Name: 'ar-15 hk battle grip beavertail pistol grip (ral 8000)'
Weapon: 'lone star tx-15 dml 5.56x45 carbine' - Mod Category: 'pistol_grip' - Mod Name: 'hogue overmolded rubber grip (black)'
Weapon: 'lone star tx-15 dml 5.56x45 carbine' - Mod Category: 'pistol_grip' - Mod Name: 'hogue overmolded rubber grip (fde)'
Weapon: 'lone star tx-15 dml 5.56x45 carbine' - Mod Category: 'pistol_grip' - Mod Name: 'hogue overmolded rubber grip (ghillie earth)'
Weapon: 'lone star tx-15 dml 5.56x45 carbine' - Mod Category: 'pistol_grip' - Mod Name: 'hogue overmolded rubber grip (ghillie green)'
Weapon: 'lone star tx-15 dml 5.56x45 carbine' - Mod Category: 'pistol_grip' - Mod Name: 'hogue overmolded rubber grip (olive drab)'
Weapon: 'lone star tx-15 dml 5.56x45 carbine' - Mod Category: 'pistol_grip' - Mod Name: 'ar-15 magpul moe pistol grip (black)'
Weapon: 'lone star tx-15 dml 5.56x45 carbine' - Mod Category: 'pistol_grip' - Mod Name: 'ar-15 magpul moe pistol grip (fde)'
Weapon: 'lone star tx-15 dml 5.56x45 carbine' - Mod Category: 'pistol_grip' - Mod Name: 'ar-15 stark ar rifle grip (black)'
Weapon: 'lone star tx-15 dml 5.56x45 carbine' - Mod Category: 'pistol_grip' - Mod Name: 'ar-15 stark ar rifle grip (fde)'
Weapon: 'lone star tx-15 dml 5.56x45 carbine' - Mod Category: 'magazine' - Mod Name: 'fn scar-l 5.56x45 30-round magazine (fde)'
Weapon: 'lone star tx-15 dml 5.56x45 carbine' - Mod Category: 'magazine' - Mod Name: '5.56x45 magpul pmag 30 gen m3 stanag 30-round magazine (fde)'
Weapon: 'lone star tx-15 dml 5.56x45 carbine' - Mod Category: 'magazine' - Mod Name: '5.56x45 magpul pmag 40 gen m3 stanag 40-round magazine (fde)'
Weapon: 'lone star tx-15 dml 5.56x45 carbine' - Mod Category: 'magazine' - Mod Name: '5.56x45 magpul pmag 30 gen m3 w stanag 30-round magazine (fde)'
Weapon: 'lone star tx-15 dml 5.56x45 carbine' - Mod Category: 'stock' - Mod Name: 'magpul ubr gen2 stock (black)'
Weapon: 'lone star tx-15 dml 5.56x45 carbine' - Mod Category: 'stock' - Mod Name: 'magpul ubr gen2 stock (fde)'
Weapon: 'lone star tx-15 dml 5.56x45 carbine' - Mod Category: 'stock' - Mod Name: 'strike industries advanced receiver extension buffer tube (anodized red)'
Weapon: 'lone star tx-15 dml 5.56x45 carbine' - Mod Category: 'stock' - Mod Name: 'troy m7a1 pdw stock (black)'
Weapon: 'lone star tx-15 dml 5.56x45 carbine' - Mod Category: 'stock' - Mod Name: 'troy m7a1 pdw stock (fde)'
Weapon: 'lone star tx-15 dml 5.56x45 carbine' - Mod Category: 'charge_handle' - Mod Name: 'ar-15 radian weapons raptor charging handle (grey)'
Weapon: 'molot vpo-209 .366 tkm carbine' - Mod Category: 'gas_block' - Mod Name: 'ak vezhlivyy strelok vs-24 + vs-33c handguard & gas tube combo (white)'
Weapon: 'molot vpo-209 .366 tkm carbine' - Mod Category: 'pistol_grip' - Mod Name: 'ak kgb mg-47 pistol grip (anodized red)'
Weapon: 'molot vpo-209 .366 tkm carbine' - Mod Category: 'pistol_grip' - Mod Name: 'ak strike industries enhanced pistol grip (black)'
Weapon: 'molot vpo-209 .366 tkm carbine' - Mod Category: 'pistol_grip' - Mod Name: 'ak strike industries enhanced pistol grip (fde)'
Weapon: 'molot vpo-209 .366 tkm carbine' - Mod Category: 'pistol_grip' - Mod Name: 'ak tapco saw-style pistol grip (black)'
Weapon: 'molot vpo-209 .366 tkm carbine' - Mod Category: 'pistol_grip' - Mod Name: 'ak tapco saw-style pistol grip (fde)'
Weapon: 'molot vpo-209 .366 tkm carbine' - Mod Category: 'stock' - Mod Name: 'ak-74 "plum" polymer stock (6p20 sb.7)'
Weapon: 'molot vpo-209 .366 tkm carbine' - Mod Category: 'magazine' - Mod Name: 'ak 7.62x39 magpul pmag 30 gen m3 30-round magazine (banana)'
Weapon: 'molot vpo-209 .366 tkm carbine' - Mod Category: 'magazine' - Mod Name: 'ak 7.62x39 us palm "ak30" 30-round magazine (black)'
Weapon: 'molot vpo-209 .366 tkm carbine' - Mod Category: 'magazine' - Mod Name: 'ak 7.62x39 us palm "ak30" 30-round magazine (fde)'
Weapon: 'molot vpo-136 "vepr-km" 7.62x39 carbine' - Mod Category: 'gas_block' - Mod Name: 'ak vezhlivyy strelok vs-24 + vs-33c handguard & gas tube combo (white)'
Weapon: 'molot vpo-136 "vepr-km" 7.62x39 carbine' - Mod Category: 'pistol_grip' - Mod Name: 'ak kgb mg-47 pistol grip (anodized red)'
Weapon: 'molot vpo-136 "vepr-km" 7.62x39 carbine' - Mod Category: 'pistol_grip' - Mod Name: 'ak strike industries enhanced pistol grip (black)'
Weapon: 'molot vpo-136 "vepr-km" 7.62x39 carbine' - Mod Category: 'pistol_grip' - Mod Name: 'ak strike industries enhanced pistol grip (fde)'
Weapon: 'molot vpo-136 "vepr-km" 7.62x39 carbine' - Mod Category: 'pistol_grip' - Mod Name: 'ak tapco saw-style pistol grip (black)'
Weapon: 'molot vpo-136 "vepr-km" 7.62x39 carbine' - Mod Category: 'pistol_grip' - Mod Name: 'ak tapco saw-style pistol grip (fde)'
Weapon: 'molot vpo-136 "vepr-km" 7.62x39 carbine' - Mod Category: 'stock' - Mod Name: 'ak-74 "plum" polymer stock (6p20 sb.7)'
Weapon: 'molot vpo-136 "vepr-km" 7.62x39 carbine' - Mod Category: 'magazine' - Mod Name: 'ak 7.62x39 magpul pmag 30 gen m3 30-round magazine (banana)'
Weapon: 'molot vpo-136 "vepr-km" 7.62x39 carbine' - Mod Category: 'magazine' - Mod Name: 'ak 7.62x39 us palm "ak30" 30-round magazine (black)'
Weapon: 'molot vpo-136 "vepr-km" 7.62x39 carbine' - Mod Category: 'magazine' - Mod Name: 'ak 7.62x39 us palm "ak30" 30-round magazine (fde)'
Weapon: 'as val 9x39 special assault rifle' - Mod Category: 'magazine' - Mod Name: '9x39 sr3m.130 30-round magazine'
Weapon: 'rpk-16 5.45x39 light machine gun' - Mod Category: 'pistol_grip' - Mod Name: 'ak strike industries enhanced pistol grip (black)'
Weapon: 'rpk-16 5.45x39 light machine gun' - Mod Category: 'pistol_grip' - Mod Name: 'ak strike industries enhanced pistol grip (fde)'
Weapon: 'rpk-16 5.45x39 light machine gun' - Mod Category: 'pistol_grip' - Mod Name: 'ak tapco saw-style pistol grip (black)'
Weapon: 'rpk-16 5.45x39 light machine gun' - Mod Category: 'pistol_grip' - Mod Name: 'ak tapco saw-style pistol grip (fde)'
Weapon: 'rpk-16 5.45x39 light machine gun' - Mod Category: 'pistol_grip' - Mod Name: 'ak tangodown battle grip pistol grip (fde)'
Weapon: 'rpk-16 5.45x39 light machine gun' - Mod Category: 'pistol_grip' - Mod Name: 'ak kgb mg-47 pistol grip (anodized red)'
Weapon: 'rpk-16 5.45x39 light machine gun' - Mod Category: 'magazine' - Mod Name: 'ak-74 5.45x39 6l23 "plum" 30-round magazine'
Weapon: 'hk mp7a1 4.6x30 submachine gun' - Mod Category: 'rear_sight' - Mod Name: 'magpul mbus gen2 flip-up rear sight (fde)'
Weapon: 'hk mp7a1 4.6x30 submachine gun' - Mod Category: 'front_sight' - Mod Name: 'magpul mbus gen2 flip-up front sight (fde)'
Weapon: 'hk mp7a1 4.6x30 submachine gun' - Mod Category: 'scope' - Mod Name: 'elcan specterdr 1x/4x scope (fde)'
Weapon: 'hk mp7a1 4.6x30 submachine gun' - Mod Category: 'scope' - Mod Name: 'eotech hhs-1 hybrid sight (tan)'
Weapon: 'hk mp7a2 4.6x30 submachine gun' - Mod Category: 'rear_sight' - Mod Name: 'magpul mbus gen2 flip-up rear sight (fde)'
Weapon: 'hk mp7a2 4.6x30 submachine gun' - Mod Category: 'front_sight' - Mod Name: 'magpul mbus gen2 flip-up front sight (fde)'
Weapon: 'hk mp7a2 4.6x30 submachine gun' - Mod Category: 'foregrip' - Mod Name: 'magpul afg tactical foregrip (black)'
Weapon: 'hk mp7a2 4.6x30 submachine gun' - Mod Category: 'foregrip' - Mod Name: 'magpul afg tactical foregrip (fde)'
Weapon: 'hk mp7a2 4.6x30 submachine gun' - Mod Category: 'foregrip' - Mod Name: 'magpul afg tactical foregrip (forest green)'
Weapon: 'hk mp7a2 4.6x30 submachine gun' - Mod Category: 'foregrip' - Mod Name: 'magpul afg tactical foregrip (olive drab)'
Weapon: 'hk mp7a2 4.6x30 submachine gun' - Mod Category: 'foregrip' - Mod Name: 'magpul rvg foregrip (black)'
Weapon: 'hk mp7a2 4.6x30 submachine gun' - Mod Category: 'foregrip' - Mod Name: 'tangodown stubby bgv-mk46k foregrip (black)'
Weapon: 'hk mp7a2 4.6x30 submachine gun' - Mod Category: 'foregrip' - Mod Name: 'tangodown stubby bgv-mk46k foregrip (fde)'
Weapon: 'hk mp7a2 4.6x30 submachine gun' - Mod Category: 'foregrip' - Mod Name: 'tangodown stubby bgv-mk46k foregrip (stealth gray)'
Weapon: 'hk mp7a2 4.6x30 submachine gun' - Mod Category: 'scope' - Mod Name: 'elcan specterdr 1x/4x scope (fde)'
Weapon: 'hk mp7a2 4.6x30 submachine gun' - Mod Category: 'scope' - Mod Name: 'eotech hhs-1 hybrid sight (tan)'
Weapon: 'sig mpx 9x19 submachine gun' - Mod Category: 'pistol_grip' - Mod Name: 'ar-15 hk battle grip beavertail pistol grip (ral 8000)'
Weapon: 'sig mpx 9x19 submachine gun' - Mod Category: 'pistol_grip' - Mod Name: 'hogue overmolded rubber grip (black)'
Weapon: 'sig mpx 9x19 submachine gun' - Mod Category: 'pistol_grip' - Mod Name: 'hogue overmolded rubber grip (fde)'
Weapon: 'sig mpx 9x19 submachine gun' - Mod Category: 'pistol_grip' - Mod Name: 'hogue overmolded rubber grip (ghillie earth)'
Weapon: 'sig mpx 9x19 submachine gun' - Mod Category: 'pistol_grip' - Mod Name: 'hogue overmolded rubber grip (ghillie green)'
Weapon: 'sig mpx 9x19 submachine gun' - Mod Category: 'pistol_grip' - Mod Name: 'hogue overmolded rubber grip (olive drab)'
Weapon: 'sig mpx 9x19 submachine gun' - Mod Category: 'pistol_grip' - Mod Name: 'ar-15 magpul moe pistol grip (black)'
Weapon: 'sig mpx 9x19 submachine gun' - Mod Category: 'pistol_grip' - Mod Name: 'ar-15 magpul moe pistol grip (fde)'
Weapon: 'sig mpx 9x19 submachine gun' - Mod Category: 'pistol_grip' - Mod Name: 'ar-15 stark ar rifle grip (black)'
Weapon: 'sig mpx 9x19 submachine gun' - Mod Category: 'pistol_grip' - Mod Name: 'ar-15 stark ar rifle grip (fde)'
Weapon: 'pp-19-01 "vityaz" 9x19 submachine gun' - Mod Category: 'pistol_grip' - Mod Name: 'ak kgb mg-47 pistol grip (anodized red)'
Weapon: 'pp-19-01 "vityaz" 9x19 submachine gun' - Mod Category: 'pistol_grip' - Mod Name: 'ak strike industries enhanced pistol grip (black)'
Weapon: 'pp-19-01 "vityaz" 9x19 submachine gun' - Mod Category: 'pistol_grip' - Mod Name: 'ak strike industries enhanced pistol grip (fde)'
Weapon: 'pp-19-01 "vityaz" 9x19 submachine gun' - Mod Category: 'pistol_grip' - Mod Name: 'ak tapco saw-style pistol grip (black)'
Weapon: 'pp-19-01 "vityaz" 9x19 submachine gun' - Mod Category: 'pistol_grip' - Mod Name: 'ak tapco saw-style pistol grip (fde)'
Weapon: 'saiga-9 9x19 carbine' - Mod Category: 'pistol_grip' - Mod Name: 'ak strike industries enhanced pistol grip (black)'
Weapon: 'saiga-9 9x19 carbine' - Mod Category: 'pistol_grip' - Mod Name: 'ak strike industries enhanced pistol grip (fde)'
Weapon: 'saiga-9 9x19 carbine' - Mod Category: 'pistol_grip' - Mod Name: 'ak tapco saw-style pistol grip (black)'
Weapon: 'saiga-9 9x19 carbine' - Mod Category: 'pistol_grip' - Mod Name: 'ak tapco saw-style pistol grip (fde)'
Weapon: 'soyuz-tm stm-9 gen.2 9x19 carbine' - Mod Category: 'pistol_grip' - Mod Name: 'hogue overmolded rubber grip (black)'
Weapon: 'soyuz-tm stm-9 gen.2 9x19 carbine' - Mod Category: 'pistol_grip' - Mod Name: 'hogue overmolded rubber grip (fde)'
Weapon: 'soyuz-tm stm-9 gen.2 9x19 carbine' - Mod Category: 'pistol_grip' - Mod Name: 'hogue overmolded rubber grip (ghillie earth)'
Weapon: 'soyuz-tm stm-9 gen.2 9x19 carbine' - Mod Category: 'pistol_grip' - Mod Name: 'hogue overmolded rubber grip (ghillie green)'
Weapon: 'soyuz-tm stm-9 gen.2 9x19 carbine' - Mod Category: 'pistol_grip' - Mod Name: 'hogue overmolded rubber grip (olive drab)'
Weapon: 'soyuz-tm stm-9 gen.2 9x19 carbine' - Mod Category: 'pistol_grip' - Mod Name: 'ar-15 magpul moe pistol grip (black)'
Weapon: 'soyuz-tm stm-9 gen.2 9x19 carbine' - Mod Category: 'pistol_grip' - Mod Name: 'ar-15 magpul moe pistol grip (fde)'
Weapon: 'soyuz-tm stm-9 gen.2 9x19 carbine' - Mod Category: 'pistol_grip' - Mod Name: 'ar-15 stark ar rifle grip (black)'
Weapon: 'soyuz-tm stm-9 gen.2 9x19 carbine' - Mod Category: 'pistol_grip' - Mod Name: 'ar-15 stark ar rifle grip (fde)'
Weapon: 'soyuz-tm stm-9 gen.2 9x19 carbine' - Mod Category: 'stock' - Mod Name: 'magpul ubr gen2 stock (black)'
Weapon: 'soyuz-tm stm-9 gen.2 9x19 carbine' - Mod Category: 'stock' - Mod Name: 'magpul ubr gen2 stock (fde)'
Weapon: 'soyuz-tm stm-9 gen.2 9x19 carbine' - Mod Category: 'stock' - Mod Name: 'strike industries advanced receiver extension buffer tube (anodized red)'
Weapon: 'soyuz-tm stm-9 gen.2 9x19 carbine' - Mod Category: 'stock' - Mod Name: 'troy m7a1 pdw stock (black)'
Weapon: 'soyuz-tm stm-9 gen.2 9x19 carbine' - Mod Category: 'stock' - Mod Name: 'troy m7a1 pdw stock (fde)'
Weapon: 'soyuz-tm stm-9 gen.2 9x19 carbine' - Mod Category: 'charge_handle' - Mod Name: 'ar-15 radian weapons raptor charging handle (grey)'
Weapon: 'soyuz-tm stm-9 gen.2 9x19 carbine' - Mod Category: 'tactical' - Mod Name: 'stm-9 magwell (grey)'
Weapon: 'hk ump .45 acp submachine gun' - Mod Category: 'scope' - Mod Name: 'elcan specterdr 1x/4x scope (fde)'
Weapon: 'hk ump .45 acp submachine gun' - Mod Category: 'scope' - Mod Name: 'eotech hhs-1 hybrid sight (tan)'
Weapon: 'tdi kriss vector gen.2 .45 acp submachine gun' - Mod Category: 'magazine' - Mod Name: 'glock .45 acp 13-round magazine'
Weapon: 'tdi kriss vector gen.2 .45 acp submachine gun' - Mod Category: 'front_sight' - Mod Name: 'magpul mbus gen2 flip-up front sight (fde)'
Weapon: 'tdi kriss vector gen.2 .45 acp submachine gun' - Mod Category: 'rear_sight' - Mod Name: 'magpul mbus gen2 flip-up rear sight (fde)'
Weapon: 'tdi kriss vector gen.2 .45 acp submachine gun' - Mod Category: 'scope' - Mod Name: 'elcan specterdr 1x/4x scope (fde)'
Weapon: 'tdi kriss vector gen.2 .45 acp submachine gun' - Mod Category: 'scope' - Mod Name: 'eotech hhs-1 hybrid sight (tan)'
Weapon: 'tdi kriss vector gen.2 9x19 submachine gun' - Mod Category: 'front_sight' - Mod Name: 'magpul mbus gen2 flip-up front sight (fde)'
Weapon: 'tdi kriss vector gen.2 9x19 submachine gun' - Mod Category: 'rear_sight' - Mod Name: 'magpul mbus gen2 flip-up rear sight (fde)'
Weapon: 'tdi kriss vector gen.2 9x19 submachine gun' - Mod Category: 'scope' - Mod Name: 'elcan specterdr 1x/4x scope (fde)'
Weapon: 'tdi kriss vector gen.2 9x19 submachine gun' - Mod Category: 'scope' - Mod Name: 'eotech hhs-1 hybrid sight (tan)'
Weapon: 'saiga 12ga ver.10 12/76 semi-automatic shotgun' - Mod Category: 'pistol_grip' - Mod Name: 'ak kgb mg-47 pistol grip (anodized red)'
Weapon: 'saiga 12ga ver.10 12/76 semi-automatic shotgun' - Mod Category: 'pistol_grip' - Mod Name: 'ak strike industries enhanced pistol grip (black)'
Weapon: 'saiga 12ga ver.10 12/76 semi-automatic shotgun' - Mod Category: 'pistol_grip' - Mod Name: 'ak strike industries enhanced pistol grip (fde)'
Weapon: 'saiga 12ga ver.10 12/76 semi-automatic shotgun' - Mod Category: 'pistol_grip' - Mod Name: 'ak tapco saw-style pistol grip (black)'
Weapon: 'saiga 12ga ver.10 12/76 semi-automatic shotgun' - Mod Category: 'pistol_grip' - Mod Name: 'ak tapco saw-style pistol grip (fde)'
Weapon: 'saiga 12ga ver.10 12/76 semi-automatic shotgun' - Mod Category: 'pistol_grip' - Mod Name: 'ak tangodown battle grip pistol grip (fde)'
Weapon: 'hk g28 7.62x51 marksman rifle' - Mod Category: 'pistol_grip' - Mod Name: 'ar-15 hk battle grip beavertail pistol grip (ral 8000)'
Weapon: 'hk g28 7.62x51 marksman rifle' - Mod Category: 'pistol_grip' - Mod Name: 'hogue overmolded rubber grip (black)'
Weapon: 'hk g28 7.62x51 marksman rifle' - Mod Category: 'pistol_grip' - Mod Name: 'hogue overmolded rubber grip (fde)'
Weapon: 'hk g28 7.62x51 marksman rifle' - Mod Category: 'pistol_grip' - Mod Name: 'hogue overmolded rubber grip (ghillie earth)'
Weapon: 'hk g28 7.62x51 marksman rifle' - Mod Category: 'pistol_grip' - Mod Name: 'hogue overmolded rubber grip (ghillie green)'
Weapon: 'hk g28 7.62x51 marksman rifle' - Mod Category: 'pistol_grip' - Mod Name: 'hogue overmolded rubber grip (olive drab)'
Weapon: 'hk g28 7.62x51 marksman rifle' - Mod Category: 'pistol_grip' - Mod Name: 'ar-15 magpul moe pistol grip (black)'
Weapon: 'hk g28 7.62x51 marksman rifle' - Mod Category: 'pistol_grip' - Mod Name: 'ar-15 magpul moe pistol grip (fde)'
Weapon: 'hk g28 7.62x51 marksman rifle' - Mod Category: 'pistol_grip' - Mod Name: 'ar-15 stark ar rifle grip (black)'
Weapon: 'hk g28 7.62x51 marksman rifle' - Mod Category: 'pistol_grip' - Mod Name: 'ar-15 stark ar rifle grip (fde)'
Weapon: 'springfield armory m1a 7.62x51 rifle' - Mod Category: 'mount' - Mod Name: 'm14 a.r.m.s. 18 scope mount'
Weapon: 'sword international mk-18 .338 lm marksman rifle' - Mod Category: 'pistol_grip' - Mod Name: 'ar-15 hk battle grip beavertail pistol grip (ral 8000)'
Weapon: 'sword international mk-18 .338 lm marksman rifle' - Mod Category: 'pistol_grip' - Mod Name: 'hogue overmolded rubber grip (black)'
Weapon: 'sword international mk-18 .338 lm marksman rifle' - Mod Category: 'pistol_grip' - Mod Name: 'hogue overmolded rubber grip (fde)'
Weapon: 'sword international mk-18 .338 lm marksman rifle' - Mod Category: 'pistol_grip' - Mod Name: 'hogue overmolded rubber grip (ghillie earth)'
Weapon: 'sword international mk-18 .338 lm marksman rifle' - Mod Category: 'pistol_grip' - Mod Name: 'hogue overmolded rubber grip (ghillie green)'
Weapon: 'sword international mk-18 .338 lm marksman rifle' - Mod Category: 'pistol_grip' - Mod Name: 'hogue overmolded rubber grip (olive drab)'
Weapon: 'sword international mk-18 .338 lm marksman rifle' - Mod Category: 'pistol_grip' - Mod Name: 'ar-15 magpul moe pistol grip (black)'
Weapon: 'sword international mk-18 .338 lm marksman rifle' - Mod Category: 'pistol_grip' - Mod Name: 'ar-15 magpul moe pistol grip (fde)'
Weapon: 'sword international mk-18 .338 lm marksman rifle' - Mod Category: 'pistol_grip' - Mod Name: 'ar-15 stark ar rifle grip (black)'
Weapon: 'sword international mk-18 .338 lm marksman rifle' - Mod Category: 'pistol_grip' - Mod Name: 'ar-15 stark ar rifle grip (fde)'
Weapon: 'sword international mk-18 .338 lm marksman rifle' - Mod Category: 'stock' - Mod Name: 'magpul ubr gen2 stock (black)'
Weapon: 'sword international mk-18 .338 lm marksman rifle' - Mod Category: 'stock' - Mod Name: 'magpul ubr gen2 stock (fde)'
Weapon: 'sword international mk-18 .338 lm marksman rifle' - Mod Category: 'stock' - Mod Name: 'strike industries advanced receiver extension buffer tube (anodized red)'
Weapon: 'remington r11 rsass 7.62x51 marksman rifle' - Mod Category: 'pistol_grip' - Mod Name: 'ar-15 hk battle grip beavertail pistol grip (ral 8000)'
Weapon: 'remington r11 rsass 7.62x51 marksman rifle' - Mod Category: 'pistol_grip' - Mod Name: 'hogue overmolded rubber grip (black)'
Weapon: 'remington r11 rsass 7.62x51 marksman rifle' - Mod Category: 'pistol_grip' - Mod Name: 'hogue overmolded rubber grip (fde)'
Weapon: 'remington r11 rsass 7.62x51 marksman rifle' - Mod Category: 'pistol_grip' - Mod Name: 'hogue overmolded rubber grip (ghillie earth)'
Weapon: 'remington r11 rsass 7.62x51 marksman rifle' - Mod Category: 'pistol_grip' - Mod Name: 'hogue overmolded rubber grip (ghillie green)'
Weapon: 'remington r11 rsass 7.62x51 marksman rifle' - Mod Category: 'pistol_grip' - Mod Name: 'hogue overmolded rubber grip (olive drab)'
Weapon: 'remington r11 rsass 7.62x51 marksman rifle' - Mod Category: 'pistol_grip' - Mod Name: 'ar-15 magpul moe pistol grip (black)'
Weapon: 'remington r11 rsass 7.62x51 marksman rifle' - Mod Category: 'pistol_grip' - Mod Name: 'ar-15 magpul moe pistol grip (fde)'
Weapon: 'remington r11 rsass 7.62x51 marksman rifle' - Mod Category: 'pistol_grip' - Mod Name: 'ar-15 stark ar rifle grip (black)'
Weapon: 'remington r11 rsass 7.62x51 marksman rifle' - Mod Category: 'pistol_grip' - Mod Name: 'ar-15 stark ar rifle grip (fde)'
Weapon: 'remington r11 rsass 7.62x51 marksman rifle' - Mod Category: 'rear_sight' - Mod Name: 'magpul mbus gen2 flip-up rear sight (fde)'
Weapon: 'remington r11 rsass 7.62x51 marksman rifle' - Mod Category: 'stock' - Mod Name: 'magpul ubr gen2 stock (black)'
Weapon: 'remington r11 rsass 7.62x51 marksman rifle' - Mod Category: 'stock' - Mod Name: 'magpul ubr gen2 stock (fde)'
Weapon: 'remington r11 rsass 7.62x51 marksman rifle' - Mod Category: 'stock' - Mod Name: 'strike industries advanced receiver extension buffer tube (anodized red)'
Weapon: 'remington r11 rsass 7.62x51 marksman rifle' - Mod Category: 'scope' - Mod Name: 'elcan specterdr 1x/4x scope (fde)'
Weapon: 'remington r11 rsass 7.62x51 marksman rifle' - Mod Category: 'scope' - Mod Name: 'eotech hhs-1 hybrid sight (tan)'
Weapon: 'remington r11 rsass 7.62x51 marksman rifle' - Mod Category: 'scope' - Mod Name: 'geissele super precision 30mm ring scope mount (ddc)'
Weapon: 'knight's armament company sr-25 7.62x51 marksman rifle' - Mod Category: 'pistol_grip' - Mod Name: 'ar-15 hk battle grip beavertail pistol grip (ral 8000)'
Weapon: 'knight's armament company sr-25 7.62x51 marksman rifle' - Mod Category: 'pistol_grip' - Mod Name: 'hogue overmolded rubber grip (black)'
Weapon: 'knight's armament company sr-25 7.62x51 marksman rifle' - Mod Category: 'pistol_grip' - Mod Name: 'hogue overmolded rubber grip (fde)'
Weapon: 'knight's armament company sr-25 7.62x51 marksman rifle' - Mod Category: 'pistol_grip' - Mod Name: 'hogue overmolded rubber grip (ghillie earth)'
Weapon: 'knight's armament company sr-25 7.62x51 marksman rifle' - Mod Category: 'pistol_grip' - Mod Name: 'hogue overmolded rubber grip (ghillie green)'
Weapon: 'knight's armament company sr-25 7.62x51 marksman rifle' - Mod Category: 'pistol_grip' - Mod Name: 'hogue overmolded rubber grip (olive drab)'
Weapon: 'knight's armament company sr-25 7.62x51 marksman rifle' - Mod Category: 'pistol_grip' - Mod Name: 'ar-15 magpul moe pistol grip (black)'
Weapon: 'knight's armament company sr-25 7.62x51 marksman rifle' - Mod Category: 'pistol_grip' - Mod Name: 'ar-15 magpul moe pistol grip (fde)'
Weapon: 'knight's armament company sr-25 7.62x51 marksman rifle' - Mod Category: 'pistol_grip' - Mod Name: 'ar-15 stark ar rifle grip (black)'
Weapon: 'knight's armament company sr-25 7.62x51 marksman rifle' - Mod Category: 'pistol_grip' - Mod Name: 'ar-15 stark ar rifle grip (fde)'
Weapon: 'knight's armament company sr-25 7.62x51 marksman rifle' - Mod Category: 'stock' - Mod Name: 'strike industries advanced receiver extension buffer tube (anodized red)'
Weapon: 'svds 7.62x54r sniper rifle' - Mod Category: 'pistol_grip' - Mod Name: 'ak kgb mg-47 pistol grip (anodized red)'
Weapon: 'svds 7.62x54r sniper rifle' - Mod Category: 'pistol_grip' - Mod Name: 'ak strike industries enhanced pistol grip (black)'
Weapon: 'svds 7.62x54r sniper rifle' - Mod Category: 'pistol_grip' - Mod Name: 'ak strike industries enhanced pistol grip (fde)'
Weapon: 'svds 7.62x54r sniper rifle' - Mod Category: 'pistol_grip' - Mod Name: 'ak tapco saw-style pistol grip (black)'
Weapon: 'svds 7.62x54r sniper rifle' - Mod Category: 'pistol_grip' - Mod Name: 'ak tapco saw-style pistol grip (fde)'
Weapon: 'svds 7.62x54r sniper rifle' - Mod Category: 'pistol_grip' - Mod Name: 'ak tangodown battle grip pistol grip (fde)'
Weapon: 'vss vintorez 9x39 special sniper rifle' - Mod Category: 'magazine' - Mod Name: '9x39 sr3m.130 30-round magazine'
Weapon: 'lobaev arms dvl-10 7.62x51 bolt-action sniper rifle' - Mod Category: 'pistol_grip' - Mod Name: 'hogue overmolded rubber grip (black)'
Weapon: 'lobaev arms dvl-10 7.62x51 bolt-action sniper rifle' - Mod Category: 'pistol_grip' - Mod Name: 'hogue overmolded rubber grip (fde)'
Weapon: 'lobaev arms dvl-10 7.62x51 bolt-action sniper rifle' - Mod Category: 'pistol_grip' - Mod Name: 'hogue overmolded rubber grip (ghillie earth)'
Weapon: 'lobaev arms dvl-10 7.62x51 bolt-action sniper rifle' - Mod Category: 'pistol_grip' - Mod Name: 'hogue overmolded rubber grip (ghillie green)'
Weapon: 'lobaev arms dvl-10 7.62x51 bolt-action sniper rifle' - Mod Category: 'pistol_grip' - Mod Name: 'hogue overmolded rubber grip (olive drab)'
Weapon: 'lobaev arms dvl-10 7.62x51 bolt-action sniper rifle' - Mod Category: 'scope' - Mod Name: 'elcan specterdr 1x/4x scope (fde)'
Weapon: 'lobaev arms dvl-10 7.62x51 bolt-action sniper rifle' - Mod Category: 'scope' - Mod Name: 'eotech hhs-1 hybrid sight (tan)'
Weapon: 'sv-98 7.62x54r bolt-action sniper rifle' - Mod Category: 'scope' - Mod Name: 'elcan specterdr 1x/4x scope (fde)'
Weapon: 'sv-98 7.62x54r bolt-action sniper rifle' - Mod Category: 'scope' - Mod Name: 'eotech hhs-1 hybrid sight (tan)'
Weapon: 'fn40gl mk2 grenade launcher' - Mod Category: 'pistol_grip' - Mod Name: 'hogue overmolded rubber grip (black)'
Weapon: 'fn40gl mk2 grenade launcher' - Mod Category: 'pistol_grip' - Mod Name: 'hogue overmolded rubber grip (fde)'
Weapon: 'fn40gl mk2 grenade launcher' - Mod Category: 'pistol_grip' - Mod Name: 'hogue overmolded rubber grip (ghillie earth)'
Weapon: 'fn40gl mk2 grenade launcher' - Mod Category: 'pistol_grip' - Mod Name: 'hogue overmolded rubber grip (ghillie green)'
Weapon: 'fn40gl mk2 grenade launcher' - Mod Category: 'pistol_grip' - Mod Name: 'hogue overmolded rubber grip (olive drab)'
Weapon: 'fn40gl mk2 grenade launcher' - Mod Category: 'front_sight' - Mod Name: 'magpul mbus gen2 flip-up front sight (fde)'
Weapon: 'fn40gl mk2 grenade launcher' - Mod Category: 'rear_sight' - Mod Name: 'magpul mbus gen2 flip-up rear sight (fde)'
Weapon: 'fn40gl mk2 grenade launcher' - Mod Category: 'scope' - Mod Name: 'elcan specterdr 1x/4x scope (fde)'
Weapon: 'fn40gl mk2 grenade launcher' - Mod Category: 'scope' - Mod Name: 'eotech hhs-1 hybrid sight (tan)'
Weapon: 'm32a1 msgl 40mm grenade launcher' - Mod Category: 'pistol_grip' - Mod Name: 'hogue overmolded rubber grip (black)'
Weapon: 'm32a1 msgl 40mm grenade launcher' - Mod Category: 'pistol_grip' - Mod Name: 'hogue overmolded rubber grip (fde)'
Weapon: 'm32a1 msgl 40mm grenade launcher' - Mod Category: 'pistol_grip' - Mod Name: 'hogue overmolded rubber grip (ghillie earth)'
Weapon: 'm32a1 msgl 40mm grenade launcher' - Mod Category: 'pistol_grip' - Mod Name: 'hogue overmolded rubber grip (ghillie green)'
Weapon: 'm32a1 msgl 40mm grenade launcher' - Mod Category: 'pistol_grip' - Mod Name: 'hogue overmolded rubber grip (olive drab)'
Weapon: 'm32a1 msgl 40mm grenade launcher' - Mod Category: 'stock' - Mod Name: 'kriss defiance ds150 stock (black)'
Weapon: 'm32a1 msgl 40mm grenade launcher' - Mod Category: 'stock' - Mod Name: 'kriss defiance ds150 stock (fde)'
Weapon: 'm32a1 msgl 40mm grenade launcher' - Mod Category: 'stock' - Mod Name: 'magpul ctr carbine stock (black)'
Weapon: 'm32a1 msgl 40mm grenade launcher' - Mod Category: 'stock' - Mod Name: 'magpul ctr carbine stock (fde)'
Weapon: 'm32a1 msgl 40mm grenade launcher' - Mod Category: 'stock' - Mod Name: 'magpul moe carbine stock (black)'
Weapon: 'm32a1 msgl 40mm grenade launcher' - Mod Category: 'stock' - Mod Name: 'magpul moe carbine stock (fde)'
Weapon: 'm32a1 msgl 40mm grenade launcher' - Mod Category: 'stock' - Mod Name: 'magpul moe carbine stock (foliage green)'
Weapon: 'm32a1 msgl 40mm grenade launcher' - Mod Category: 'stock' - Mod Name: 'magpul moe carbine stock (olive drab)'
Weapon: 'm32a1 msgl 40mm grenade launcher' - Mod Category: 'stock' - Mod Name: 'magpul moe carbine stock (stealth gray)'
Weapon: 'm32a1 msgl 40mm grenade launcher' - Mod Category: 'stock' - Mod Name: 'magpul prs gen3 stock (black)'
Weapon: 'm32a1 msgl 40mm grenade launcher' - Mod Category: 'stock' - Mod Name: 'magpul prs gen3 stock (grey)'
Weapon: 'm32a1 msgl 40mm grenade launcher' - Mod Category: 'foregrip' - Mod Name: 'magpul afg tactical foregrip (black)'
Weapon: 'm32a1 msgl 40mm grenade launcher' - Mod Category: 'foregrip' - Mod Name: 'magpul afg tactical foregrip (fde)'
Weapon: 'm32a1 msgl 40mm grenade launcher' - Mod Category: 'foregrip' - Mod Name: 'magpul afg tactical foregrip (forest green)'
Weapon: 'm32a1 msgl 40mm grenade launcher' - Mod Category: 'foregrip' - Mod Name: 'magpul afg tactical foregrip (olive drab)'
Weapon: 'm32a1 msgl 40mm grenade launcher' - Mod Category: 'foregrip' - Mod Name: 'magpul rvg foregrip (black)'
Weapon: 'm32a1 msgl 40mm grenade launcher' - Mod Category: 'foregrip' - Mod Name: 'magpul rvg foregrip (fde)'
Weapon: 'm32a1 msgl 40mm grenade launcher' - Mod Category: 'foregrip' - Mod Name: 'tangodown stubby bgv-mk46k foregrip (black)'
Weapon: 'm32a1 msgl 40mm grenade launcher' - Mod Category: 'foregrip' - Mod Name: 'tangodown stubby bgv-mk46k foregrip (fde)'
Weapon: 'm32a1 msgl 40mm grenade launcher' - Mod Category: 'foregrip' - Mod Name: 'tangodown stubby bgv-mk46k foregrip (stealth gray)'
Weapon: 'colt m1911a1 .45 acp pistol' - Mod Category: 'pistol_grip' - Mod Name: 'm1911 pachmayr american legend grip 423'
Weapon: 'sig p226r 9x19 pistol' - Mod Category: 'pistol_grip' - Mod Name: 'p226 polymer pistol grip (black)'
Weapon: 'sig p226r 9x19 pistol' - Mod Category: 'pistol_grip' - Mod Name: 'p226 combat pistol grip (fde)'
Weapon: 'gp-34 underbarrel grenade launcher' - Mod Category: 'compatibility' - Mod Name: 'kalashnikov ak-101 5.56x45 assault rifle'
Weapon: 'gp-34 underbarrel grenade launcher' - Mod Category: 'compatibility' - Mod Name: 'kalashnikov ak-103 7.62x39 assault rifle'
Weapon: 'gp-34 underbarrel grenade launcher' - Mod Category: 'compatibility' - Mod Name: 'kalashnikov ak-74 5.45x39 assault rifle'
Weapon: 'gp-34 underbarrel grenade launcher' - Mod Category: 'compatibility' - Mod Name: 'kalashnikov ak-74m 5.45x39 assault rifle'
Weapon: 'gp-34 underbarrel grenade launcher' - Mod Category: 'compatibility' - Mod Name: 'kalashnikov ak-74n 5.45x39 assault rifle'
Weapon: 'gp-34 underbarrel grenade launcher' - Mod Category: 'compatibility' - Mod Name: 'kalashnikov akm 7.62x39 assault rifle'
Weapon: 'gp-34 underbarrel grenade launcher' - Mod Category: 'compatibility' - Mod Name: 'kalashnikov akmn 7.62x39 assault rifle'
Weapon: 'gp-34 underbarrel grenade launcher' - Mod Category: 'compatibility' - Mod Name: 'kalashnikov akms 7.62x39 assault rifle'
Weapon: 'gp-34 underbarrel grenade launcher' - Mod Category: 'compatibility' - Mod Name: 'kalashnikov akmsn 7.62x39 assault rifle'
Weapon: 'gp-34 underbarrel grenade launcher' - Mod Category: 'compatibility' - Mod Name: 'kalashnikov aks-74 5.45x39 assault rifle'
Weapon: 'gp-34 underbarrel grenade launcher' - Mod Category: 'compatibility' - Mod Name: 'kalashnikov aks-74n 5.45x39 assault rifle'
Weapon: 'gp-34 underbarrel grenade launcher' - Mod Category: 'compatibility' - Mod Name: 'molot vpo-136 "vepr-km" 7.62x39 carbine'
Weapon: 'gp-34 underbarrel grenade launcher' - Mod Category: 'compatibility' - Mod Name: 'molot vpo-209 .366 tkm carbine'
